Flow report for pbl2
Sun Nov 05 15:04:29 2017
Quartus Prime Version 17.0.2 Build 602 07/19/2017 SJ Lite Edition


---------------------
; Table of Contents ;
---------------------
  1. Legal Notice
  2. Flow Summary
  3. Flow Settings
  4. Flow Non-Default Global Settings
  5. Flow Elapsed Time
  6. Flow OS Summary
  7. Flow Log
  8. Flow Messages
  9. Flow Suppressed Messages



----------------
; Legal Notice ;
----------------
Copyright (C) 2017  Intel Corporation. All rights reserved.
Your use of Intel Corporation's design tools, logic functions 
and other software and tools, and its AMPP partner logic 
functions, and any output files from any of the foregoing 
(including device programming or simulation files), and any 
associated documentation or information are expressly subject 
to the terms and conditions of the Intel Program License 
Subscription Agreement, the Intel Quartus Prime License Agreement,
the Intel MegaCore Function License Agreement, or other 
applicable license agreement, including, without limitation, 
that your use is for the sole purpose of programming logic 
devices manufactured by Intel and sold by Intel or its 
authorized distributors.  Please refer to the applicable 
agreement for further details.



+----------------------------------------------------------------------------------+
; Flow Summary                                                                     ;
+------------------------------------+---------------------------------------------+
; Flow Status                        ; Successful - Sun Nov 05 15:04:22 2017       ;
; Quartus Prime Version              ; 17.0.2 Build 602 07/19/2017 SJ Lite Edition ;
; Revision Name                      ; pbl2                                        ;
; Top-level Entity Name              ; pbl2                                        ;
; Family                             ; Cyclone IV E                                ;
; Device                             ; EP4CE30F23C7                                ;
; Timing Models                      ; Final                                       ;
; Total logic elements               ; 2,343 / 28,848 ( 8 % )                      ;
;     Total combinational functions  ; 2,115 / 28,848 ( 7 % )                      ;
;     Dedicated logic registers      ; 1,366 / 28,848 ( 5 % )                      ;
; Total registers                    ; 1366                                        ;
; Total pins                         ; 33 / 329 ( 10 % )                           ;
; Total virtual pins                 ; 0                                           ;
; Total memory bits                  ; 77,056 / 608,256 ( 13 % )                   ;
; Embedded Multiplier 9-bit elements ; 4 / 132 ( 3 % )                             ;
; Total PLLs                         ; 0 / 4 ( 0 % )                               ;
+------------------------------------+---------------------------------------------+


+-----------------------------------------+
; Flow Settings                           ;
+-------------------+---------------------+
; Option            ; Setting             ;
+-------------------+---------------------+
; Start date & time ; 11/05/2017 15:02:54 ;
; Main task         ; Compilation         ;
; Revision Name     ; pbl2                ;
+-------------------+---------------------+


+-------------------------------------------------------------------------------------------------------------------------+
; Flow Non-Default Global Settings                                                                                        ;
+-------------------------------------+----------------------------------------+---------------+-------------+------------+
; Assignment Name                     ; Value                                  ; Default Value ; Entity Name ; Section Id ;
+-------------------------------------+----------------------------------------+---------------+-------------+------------+
; COMPILER_SIGNATURE_ID               ; 9474729971539.150990137411056          ; --            ; --          ; --         ;
; MAX_CORE_JUNCTION_TEMP              ; 85                                     ; --            ; --          ; --         ;
; MIN_CORE_JUNCTION_TEMP              ; 0                                      ; --            ; --          ; --         ;
; NOMINAL_CORE_SUPPLY_VOLTAGE         ; 1.2V                                   ; --            ; --          ; --         ;
; PARTITION_COLOR                     ; -- (Not supported for targeted family) ; --            ; --          ; Top        ;
; PARTITION_FITTER_PRESERVATION_LEVEL ; -- (Not supported for targeted family) ; --            ; --          ; Top        ;
; PARTITION_NETLIST_TYPE              ; -- (Not supported for targeted family) ; --            ; --          ; Top        ;
; POWER_BOARD_THERMAL_MODEL           ; None (CONSERVATIVE)                    ; --            ; --          ; --         ;
; POWER_PRESET_COOLING_SOLUTION       ; 23 MM HEAT SINK WITH 200 LFPM AIRFLOW  ; --            ; --          ; --         ;
; PROJECT_OUTPUT_DIRECTORY            ; output_files                           ; --            ; --          ; --         ;
+-------------------------------------+----------------------------------------+---------------+-------------+------------+


+-------------------------------------------------------------------------------------------------------------------------------+
; Flow Elapsed Time                                                                                                             ;
+---------------------------+--------------+-------------------------+---------------------+------------------------------------+
; Module Name               ; Elapsed Time ; Average Processors Used ; Peak Virtual Memory ; Total CPU Time (on all processors) ;
+---------------------------+--------------+-------------------------+---------------------+------------------------------------+
; Analysis & Synthesis      ; 00:01:00     ; 1.0                     ; 804 MB              ; 00:01:38                           ;
; Fitter                    ; 00:00:18     ; 1.0                     ; 1213 MB             ; 00:00:23                           ;
; Assembler                 ; 00:00:03     ; 1.0                     ; 575 MB              ; 00:00:03                           ;
; TimeQuest Timing Analyzer ; 00:00:06     ; 1.1                     ; 682 MB              ; 00:00:05                           ;
; Total                     ; 00:01:27     ; --                      ; --                  ; 00:02:09                           ;
+---------------------------+--------------+-------------------------+---------------------+------------------------------------+


+-----------------------------------------------------------------------------------------+
; Flow OS Summary                                                                         ;
+---------------------------+------------------+------------+------------+----------------+
; Module Name               ; Machine Hostname ; OS Name    ; OS Version ; Processor type ;
+---------------------------+------------------+------------+------------+----------------+
; Analysis & Synthesis      ; DESKTOP-5A2F8TJ  ; Windows 10 ; 10.0       ; x86_64         ;
; Fitter                    ; DESKTOP-5A2F8TJ  ; Windows 10 ; 10.0       ; x86_64         ;
; Assembler                 ; DESKTOP-5A2F8TJ  ; Windows 10 ; 10.0       ; x86_64         ;
; TimeQuest Timing Analyzer ; DESKTOP-5A2F8TJ  ; Windows 10 ; 10.0       ; x86_64         ;
+---------------------------+------------------+------------+------------+----------------+


------------
; Flow Log ;
------------
quartus_map --read_settings_files=on --write_settings_files=off pbl2 -c pbl2
quartus_fit --read_settings_files=off --write_settings_files=off pbl2 -c pbl2
quartus_asm --read_settings_files=off --write_settings_files=off pbl2 -c pbl2
quartus_sta pbl2 -c pbl2



