Flow report for lcd_driver
Mon Dec 11 00:15:22 2017
Quartus Prime Version 17.0.2 Build 602 07/19/2017 SJ Lite Edition


---------------------
; Table of Contents ;
---------------------
  1. Legal Notice
  2. Flow Summary
  3. Flow Settings
  4. Flow Non-Default Global Settings
  5. Flow Elapsed Time
  6. Flow OS Summary
  7. Flow Log
  8. Flow Messages
  9. Flow Suppressed Messages



----------------
; Legal Notice ;
----------------
Copyright (C) 2017  Intel Corporation. All rights reserved.
Your use of Intel Corporation's design tools, logic functions 
and other software and tools, and its AMPP partner logic 
functions, and any output files from any of the foregoing 
(including device programming or simulation files), and any 
associated documentation or information are expressly subject 
to the terms and conditions of the Intel Program License 
Subscription Agreement, the Intel Quartus Prime License Agreement,
the Intel MegaCore Function License Agreement, or other 
applicable license agreement, including, without limitation, 
that your use is for the sole purpose of programming logic 
devices manufactured by Intel and sold by Intel or its 
authorized distributors.  Please refer to the applicable 
agreement for further details.



+----------------------------------------------------------------------------------+
; Flow Summary                                                                     ;
+------------------------------------+---------------------------------------------+
; Flow Status                        ; Successful - Mon Dec 11 00:15:22 2017       ;
; Quartus Prime Version              ; 17.0.2 Build 602 07/19/2017 SJ Lite Edition ;
; Revision Name                      ; lcd_driver                                  ;
; Top-level Entity Name              ; lcd_driver                                  ;
; Family                             ; Cyclone IV E                                ;
; Total logic elements               ; 40 / 6,272 ( < 1 % )                        ;
;     Total combinational functions  ; 31 / 6,272 ( < 1 % )                        ;
;     Dedicated logic registers      ; 31 / 6,272 ( < 1 % )                        ;
; Total registers                    ; 31                                          ;
; Total pins                         ; 112 / 180 ( 62 % )                          ;
; Total virtual pins                 ; 0                                           ;
; Total memory bits                  ; 0 / 276,480 ( 0 % )                         ;
; Embedded Multiplier 9-bit elements ; 0 / 30 ( 0 % )                              ;
; Total PLLs                         ; 0 / 2 ( 0 % )                               ;
; Device                             ; EP4CE6F17C6                                 ;
; Timing Models                      ; Final                                       ;
+------------------------------------+---------------------------------------------+


+-----------------------------------------+
; Flow Settings                           ;
+-------------------+---------------------+
; Option            ; Setting             ;
+-------------------+---------------------+
; Start date & time ; 12/10/2017 23:11:51 ;
; Main task         ; Compilation         ;
; Revision Name     ; lcd_driver          ;
+-------------------+---------------------+


+-------------------------------------------------------------------------------------------------------------------------+
; Flow Non-Default Global Settings                                                                                        ;
+-------------------------------------+----------------------------------------+---------------+-------------+------------+
; Assignment Name                     ; Value                                  ; Default Value ; Entity Name ; Section Id ;
+-------------------------------------+----------------------------------------+---------------+-------------+------------+
; COMPILER_SIGNATURE_ID               ; 9474729971539.151295471103296          ; --            ; --          ; --         ;
; PARTITION_COLOR                     ; -- (Not supported for targeted family) ; --            ; --          ; Top        ;
; PARTITION_FITTER_PRESERVATION_LEVEL ; -- (Not supported for targeted family) ; --            ; --          ; Top        ;
; PARTITION_NETLIST_TYPE              ; -- (Not supported for targeted family) ; --            ; --          ; Top        ;
; PROJECT_OUTPUT_DIRECTORY            ; output_files                           ; --            ; --          ; --         ;
+-------------------------------------+----------------------------------------+---------------+-------------+------------+


+-------------------------------------------------------------------------------------------------------------------------------+
; Flow Elapsed Time                                                                                                             ;
+---------------------------+--------------+-------------------------+---------------------+------------------------------------+
; Module Name               ; Elapsed Time ; Average Processors Used ; Peak Virtual Memory ; Total CPU Time (on all processors) ;
+---------------------------+--------------+-------------------------+---------------------+------------------------------------+
; Analysis & Synthesis      ; 00:00:24     ; 1.0                     ; 649 MB              ; 00:00:47                           ;
; Fitter                    ; 00:00:13     ; 1.0                     ; 1147 MB             ; 00:00:10                           ;
; Assembler                 ; 00:00:03     ; 1.0                     ; 590 MB              ; 00:00:01                           ;
; TimeQuest Timing Analyzer ; 00:00:06     ; 1.0                     ; 662 MB              ; 00:00:03                           ;
; EDA Netlist Writer        ; 00:00:01     ; 1.0                     ; 540 MB              ; 00:00:01                           ;
; EDA Netlist Writer        ; 00:00:01     ; 1.0                     ; 549 MB              ; 00:00:01                           ;
; Total                     ; 00:00:48     ; --                      ; --                  ; 00:01:03                           ;
+---------------------------+--------------+-------------------------+---------------------+------------------------------------+


+-----------------------------------------------------------------------------------------+
; Flow OS Summary                                                                         ;
+---------------------------+------------------+------------+------------+----------------+
; Module Name               ; Machine Hostname ; OS Name    ; OS Version ; Processor type ;
+---------------------------+------------------+------------+------------+----------------+
; Analysis & Synthesis      ; DESKTOP-5A2F8TJ  ; Windows 10 ; 10.0       ; x86_64         ;
; Fitter                    ; DESKTOP-5A2F8TJ  ; Windows 10 ; 10.0       ; x86_64         ;
; Assembler                 ; DESKTOP-5A2F8TJ  ; Windows 10 ; 10.0       ; x86_64         ;
; TimeQuest Timing Analyzer ; DESKTOP-5A2F8TJ  ; Windows 10 ; 10.0       ; x86_64         ;
; EDA Netlist Writer        ; DESKTOP-5A2F8TJ  ; Windows 10 ; 10.0       ; x86_64         ;
; EDA Netlist Writer        ; DESKTOP-5A2F8TJ  ; Windows 10 ; 10.0       ; x86_64         ;
+---------------------------+------------------+------------+------------+----------------+


------------
; Flow Log ;
------------
quartus_map --read_settings_files=on --write_settings_files=off lcd_driver -c lcd_driver
quartus_fit --read_settings_files=off --write_settings_files=off lcd_driver -c lcd_driver
quartus_asm --read_settings_files=off --write_settings_files=off lcd_driver -c lcd_driver
quartus_sta lcd_driver -c lcd_driver
quartus_eda --gen_testbench --tool=modelsim_oem --format=verilog --write_settings_files=off lcd_driver -c lcd_driver --vector_source="C:/Users/Havallon/Desktop/mi/problema 4/lcd driver/Waveform.vwf" --testbench_file="C:/Users/Havallon/Desktop/mi/problema 4/lcd driver/simulation/qsim/Waveform.vwf.vt"
quartus_eda --write_settings_files=off --simulation=on --functional=on --flatten_buses=off --tool=modelsim_oem --format=verilog --output_directory="C:/Users/Havallon/Desktop/mi/problema 4/lcd driver/simulation/qsim/" lcd_driver -c lcd_driver



