MIF/HEX Update report for pbl2
Wed Nov 15 13:33:53 2017
Quartus Prime Version 17.0.2 Build 602 07/19/2017 SJ Lite Edition


---------------------
; Table of Contents ;
---------------------
  1. Legal Notice
  2. MIF/HEX Update Summary
  3. MIF/HEX Update Processed Files
  4. MIF/HEX Update Messages



----------------
; Legal Notice ;
----------------
Copyright (C) 2017  Intel Corporation. All rights reserved.
Your use of Intel Corporation's design tools, logic functions 
and other software and tools, and its AMPP partner logic 
functions, and any output files from any of the foregoing 
(including device programming or simulation files), and any 
associated documentation or information are expressly subject 
to the terms and conditions of the Intel Program License 
Subscription Agreement, the Intel Quartus Prime License Agreement,
the Intel MegaCore Function License Agreement, or other 
applicable license agreement, including, without limitation, 
that your use is for the sole purpose of programming logic 
devices manufactured by Intel and sold by Intel or its 
authorized distributors.  Please refer to the applicable 
agreement for further details.



+---------------------------------------------------------------+
; MIF/HEX Update Summary                                        ;
+-----------------------+---------------------------------------+
; MIF/HEX Update Status ; Successful - Wed Nov 15 13:33:53 2017 ;
; Revision Name         ; pbl2                                  ;
; Top-level Entity Name ; pbl2                                  ;
; Family                ; Cyclone IV E                          ;
; Device                ; EP4CE30F23C7                          ;
+-----------------------+---------------------------------------+


+-----------------------------------------------------------+
; MIF/HEX Update Processed Files                            ;
+-----------------------------------------------------------+
; File Name                                                 ;
+-----------------------------------------------------------+
; C:/Users/Havallon/Desktop/problema 2/problema2/primos.hex ;
+-----------------------------------------------------------+


+-------------------------+
; MIF/HEX Update Messages ;
+-------------------------+
Info: *******************************************************************
Info: Running Quartus Prime MIF/HEX Update
    Info: Version 17.0.2 Build 602 07/19/2017 SJ Lite Edition
    Info: Processing started: Wed Nov 15 13:33:44 2017
Info: Command: quartus_cdb pbl2 -c pbl2 --update_mif
Warning (18236): Number of processors has not been specified which may cause overloading on shared machines.  Set the global assignment NUM_PARALLEL_PROCESSORS in your QSF to an appropriate value for best performance.
Warning (39023): Can't find Memory Initialization File nios_nios2_qsys_0_ic_tag_ram.mif -- skipped updates for this file
Warning (39023): Can't find Memory Initialization File nios_nios2_qsys_0_rf_ram_a.mif -- skipped updates for this file
Warning (39023): Can't find Memory Initialization File nios_nios2_qsys_0_rf_ram_b.mif -- skipped updates for this file
Warning (39023): Can't find Memory Initialization File nios_nios2_qsys_0_ociram_default_contents.mif -- skipped updates for this file
Warning (113015): Width of data items in "primos.hex" is greater than the memory width. Wrapping data items to subsequent addresses. Found 128 warnings, reporting 10 File: C:/Users/Havallon/Desktop/problema 2/problema2/primos.hex Line: 1
    Warning (113009): Data at line (2) of memory initialization file "primos.hex" is too wide to fit in one memory word. Wrapping data to subsequent addresses. File: C:/Users/Havallon/Desktop/problema 2/problema2/primos.hex Line: 2
    Warning (113009): Data at line (3) of memory initialization file "primos.hex" is too wide to fit in one memory word. Wrapping data to subsequent addresses. File: C:/Users/Havallon/Desktop/problema 2/problema2/primos.hex Line: 3
    Warning (113009): Data at line (4) of memory initialization file "primos.hex" is too wide to fit in one memory word. Wrapping data to subsequent addresses. File: C:/Users/Havallon/Desktop/problema 2/problema2/primos.hex Line: 4
    Warning (113009): Data at line (5) of memory initialization file "primos.hex" is too wide to fit in one memory word. Wrapping data to subsequent addresses. File: C:/Users/Havallon/Desktop/problema 2/problema2/primos.hex Line: 5
    Warning (113009): Data at line (6) of memory initialization file "primos.hex" is too wide to fit in one memory word. Wrapping data to subsequent addresses. File: C:/Users/Havallon/Desktop/problema 2/problema2/primos.hex Line: 6
    Warning (113009): Data at line (7) of memory initialization file "primos.hex" is too wide to fit in one memory word. Wrapping data to subsequent addresses. File: C:/Users/Havallon/Desktop/problema 2/problema2/primos.hex Line: 7
    Warning (113009): Data at line (8) of memory initialization file "primos.hex" is too wide to fit in one memory word. Wrapping data to subsequent addresses. File: C:/Users/Havallon/Desktop/problema 2/problema2/primos.hex Line: 8
    Warning (113009): Data at line (9) of memory initialization file "primos.hex" is too wide to fit in one memory word. Wrapping data to subsequent addresses. File: C:/Users/Havallon/Desktop/problema 2/problema2/primos.hex Line: 9
    Warning (113009): Data at line (10) of memory initialization file "primos.hex" is too wide to fit in one memory word. Wrapping data to subsequent addresses. File: C:/Users/Havallon/Desktop/problema 2/problema2/primos.hex Line: 10
    Warning (113009): Data at line (11) of memory initialization file "primos.hex" is too wide to fit in one memory word. Wrapping data to subsequent addresses. File: C:/Users/Havallon/Desktop/problema 2/problema2/primos.hex Line: 11
Info (39024): Processed the following Memory Initialization File(s)
    Info (39025): Processed Memory Initialization File C:/Users/Havallon/Desktop/problema 2/problema2/primos.hex File: C:/Users/Havallon/Desktop/problema 2/problema2/primos.hex Line: 0
Info: Quartus Prime MIF/HEX Update was successful. 0 errors, 16 warnings
    Info: Peak virtual memory: 617 megabytes
    Info: Processing ended: Wed Nov 15 13:33:53 2017
    Info: Elapsed time: 00:00:09
    Info: Total CPU time (on all processors): 00:00:03


